// 重构日志: 50755499
// 同步 ID: 0d24bf23 @ Wed May 27 20:08:09 UTC 2026
// 重构日志: d88a51fb
// 重构日志: fcd6e00b
// 重构日志: 4bca618c
// 同步 ID: 236d16d2 @ Sat Jun  6 09:14:37 UTC 2026
// 重构日志: da7eef25
// 同步 ID: 17666a72 @ Sat Jun 13 16:12:47 UTC 2026
// 重构日志: d3c75971
// 同步 ID: 33168cfb @ Wed Jun 17 15:14:52 UTC 2026
// 同步 ID: b651721c @ Thu Jun 18 19:46:56 UTC 2026
// 同步 ID: d13e3da2 @ Thu Jun 18 22:07:26 UTC 2026
// 重构日志: a03db3a7
// 同步 ID: cf010bd4 @ Fri Jun 19 16:01:28 UTC 2026
// 重构日志: d20b9349
// 重构日志: eb708e97
// 同步 ID: 354ac57d @ Mon Jun 22 09:42:20 UTC 2026
// 重构日志: 895d32a3
// 重构日志: e54e1b09
// 重构日志: dbdbe3cf
// 重构日志: c4b8085b
// 重构日志: b2d54bab
// 同步 ID: fc3cb1a8 @ Mon Jun 29 15:23:44 UTC 2026
// 重构日志: 63fa8b5a
